running egg_info
creating ../../build/autopilot_pkg/autopilot.egg-info
writing ../../build/autopilot_pkg/autopilot.egg-info/PKG-INFO
writing dependency_links to ../../build/autopilot_pkg/autopilot.egg-info/dependency_links.txt
writing entry points to ../../build/autopilot_pkg/autopilot.egg-info/entry_points.txt
writing requirements to ../../build/autopilot_pkg/autopilot.egg-info/requires.txt
writing top-level names to ../../build/autopilot_pkg/autopilot.egg-info/top_level.txt
writing manifest file '../../build/autopilot_pkg/autopilot.egg-info/SOURCES.txt'
reading manifest file '../../build/autopilot_pkg/autopilot.egg-info/SOURCES.txt'
writing manifest file '../../build/autopilot_pkg/autopilot.egg-info/SOURCES.txt'
running build
running build_py
creating /home/lv/Desktop/Git/metr4202_2024_team20/search_algorithm/build/autopilot_pkg/build/lib/autopilot
copying autopilot/autopilot.py -> /home/lv/Desktop/Git/metr4202_2024_team20/search_algorithm/build/autopilot_pkg/build/lib/autopilot
copying autopilot/__init__.py -> /home/lv/Desktop/Git/metr4202_2024_team20/search_algorithm/build/autopilot_pkg/build/lib/autopilot
running install
running install_lib
creating /home/lv/Desktop/Git/metr4202_2024_team20/search_algorithm/install/autopilot_pkg/lib/python3.10/site-packages/autopilot_pkg
copying /home/lv/Desktop/Git/metr4202_2024_team20/search_algorithm/build/autopilot_pkg/build/lib/autopilot_pkg/__init__.py -> /home/lv/Desktop/Git/metr4202_2024_team20/search_algorithm/install/autopilot_pkg/lib/python3.10/site-packages/autopilot_pkg
creating /home/lv/Desktop/Git/metr4202_2024_team20/search_algorithm/install/autopilot_pkg/lib/python3.10/site-packages/autopilot
copying /home/lv/Desktop/Git/metr4202_2024_team20/search_algorithm/build/autopilot_pkg/build/lib/autopilot/autopilot.py -> /home/lv/Desktop/Git/metr4202_2024_team20/search_algorithm/install/autopilot_pkg/lib/python3.10/site-packages/autopilot
copying /home/lv/Desktop/Git/metr4202_2024_team20/search_algorithm/build/autopilot_pkg/build/lib/autopilot/__init__.py -> /home/lv/Desktop/Git/metr4202_2024_team20/search_algorithm/install/autopilot_pkg/lib/python3.10/site-packages/autopilot
byte-compiling /home/lv/Desktop/Git/metr4202_2024_team20/search_algorithm/install/autopilot_pkg/lib/python3.10/site-packages/autopilot_pkg/__init__.py to __init__.cpython-310.pyc
byte-compiling /home/lv/Desktop/Git/metr4202_2024_team20/search_algorithm/install/autopilot_pkg/lib/python3.10/site-packages/autopilot/autopilot.py to autopilot.cpython-310.pyc
byte-compiling /home/lv/Desktop/Git/metr4202_2024_team20/search_algorithm/install/autopilot_pkg/lib/python3.10/site-packages/autopilot/__init__.py to __init__.cpython-310.pyc
running install_data
error: can't copy 'resource/autopilot': doesn't exist or not a regular file
