[0.433s] Invoking command in '/home/lv/Desktop/Git/metr4202_2024_team20/search_algorithm/src/autopilot': PYTHONPATH=/home/lv/Desktop/Git/metr4202_2024_team20/search_algorithm/build/autopilot_pkg/prefix_override:/usr/lib/python3/dist-packages/colcon_core/task/python/colcon_distutils_commands:/home/lv/Desktop/Git/metr4202_2024_team20/search_algorithm/install/autopilot_pkg/lib/python3.10/site-packages:${PYTHONPATH} /usr/bin/python3 -W ignore:setup.py install is deprecated setup.py egg_info --egg-base ../../build/autopilot_pkg build --build-base /home/lv/Desktop/Git/metr4202_2024_team20/search_algorithm/build/autopilot_pkg/build install --record /home/lv/Desktop/Git/metr4202_2024_team20/search_algorithm/build/autopilot_pkg/install.log --single-version-externally-managed install_data
[0.604s] running egg_info
[0.604s] creating ../../build/autopilot_pkg/autopilot.egg-info
[0.604s] writing ../../build/autopilot_pkg/autopilot.egg-info/PKG-INFO
[0.604s] writing dependency_links to ../../build/autopilot_pkg/autopilot.egg-info/dependency_links.txt
[0.605s] writing entry points to ../../build/autopilot_pkg/autopilot.egg-info/entry_points.txt
[0.605s] writing requirements to ../../build/autopilot_pkg/autopilot.egg-info/requires.txt
[0.605s] writing top-level names to ../../build/autopilot_pkg/autopilot.egg-info/top_level.txt
[0.605s] writing manifest file '../../build/autopilot_pkg/autopilot.egg-info/SOURCES.txt'
[0.606s] reading manifest file '../../build/autopilot_pkg/autopilot.egg-info/SOURCES.txt'
[0.606s] writing manifest file '../../build/autopilot_pkg/autopilot.egg-info/SOURCES.txt'
[0.606s] running build
[0.606s] running build_py
[0.607s] creating /home/lv/Desktop/Git/metr4202_2024_team20/search_algorithm/build/autopilot_pkg/build/lib/autopilot
[0.607s] copying autopilot/autopilot.py -> /home/lv/Desktop/Git/metr4202_2024_team20/search_algorithm/build/autopilot_pkg/build/lib/autopilot
[0.607s] copying autopilot/__init__.py -> /home/lv/Desktop/Git/metr4202_2024_team20/search_algorithm/build/autopilot_pkg/build/lib/autopilot
[0.607s] running install
[0.607s] running install_lib
[0.608s] creating /home/lv/Desktop/Git/metr4202_2024_team20/search_algorithm/install/autopilot_pkg/lib/python3.10/site-packages/autopilot_pkg
[0.608s] copying /home/lv/Desktop/Git/metr4202_2024_team20/search_algorithm/build/autopilot_pkg/build/lib/autopilot_pkg/__init__.py -> /home/lv/Desktop/Git/metr4202_2024_team20/search_algorithm/install/autopilot_pkg/lib/python3.10/site-packages/autopilot_pkg
[0.608s] creating /home/lv/Desktop/Git/metr4202_2024_team20/search_algorithm/install/autopilot_pkg/lib/python3.10/site-packages/autopilot
[0.608s] copying /home/lv/Desktop/Git/metr4202_2024_team20/search_algorithm/build/autopilot_pkg/build/lib/autopilot/autopilot.py -> /home/lv/Desktop/Git/metr4202_2024_team20/search_algorithm/install/autopilot_pkg/lib/python3.10/site-packages/autopilot
[0.608s] copying /home/lv/Desktop/Git/metr4202_2024_team20/search_algorithm/build/autopilot_pkg/build/lib/autopilot/__init__.py -> /home/lv/Desktop/Git/metr4202_2024_team20/search_algorithm/install/autopilot_pkg/lib/python3.10/site-packages/autopilot
[0.608s] byte-compiling /home/lv/Desktop/Git/metr4202_2024_team20/search_algorithm/install/autopilot_pkg/lib/python3.10/site-packages/autopilot_pkg/__init__.py to __init__.cpython-310.pyc
[0.608s] byte-compiling /home/lv/Desktop/Git/metr4202_2024_team20/search_algorithm/install/autopilot_pkg/lib/python3.10/site-packages/autopilot/autopilot.py to autopilot.cpython-310.pyc
[0.610s] byte-compiling /home/lv/Desktop/Git/metr4202_2024_team20/search_algorithm/install/autopilot_pkg/lib/python3.10/site-packages/autopilot/__init__.py to __init__.cpython-310.pyc
[0.610s] running install_data
[0.610s] error: can't copy 'resource/autopilot': doesn't exist or not a regular file
[0.622s] Invoked command in '/home/lv/Desktop/Git/metr4202_2024_team20/search_algorithm/src/autopilot' returned '1': PYTHONPATH=/home/lv/Desktop/Git/metr4202_2024_team20/search_algorithm/build/autopilot_pkg/prefix_override:/usr/lib/python3/dist-packages/colcon_core/task/python/colcon_distutils_commands:/home/lv/Desktop/Git/metr4202_2024_team20/search_algorithm/install/autopilot_pkg/lib/python3.10/site-packages:${PYTHONPATH} /usr/bin/python3 -W ignore:setup.py install is deprecated setup.py egg_info --egg-base ../../build/autopilot_pkg build --build-base /home/lv/Desktop/Git/metr4202_2024_team20/search_algorithm/build/autopilot_pkg/build install --record /home/lv/Desktop/Git/metr4202_2024_team20/search_algorithm/build/autopilot_pkg/install.log --single-version-externally-managed install_data
