running egg_info
writing ../../build/autopilot/autopilot.egg-info/PKG-INFO
writing dependency_links to ../../build/autopilot/autopilot.egg-info/dependency_links.txt
writing entry points to ../../build/autopilot/autopilot.egg-info/entry_points.txt
writing requirements to ../../build/autopilot/autopilot.egg-info/requires.txt
writing top-level names to ../../build/autopilot/autopilot.egg-info/top_level.txt
reading manifest file '../../build/autopilot/autopilot.egg-info/SOURCES.txt'
writing manifest file '../../build/autopilot/autopilot.egg-info/SOURCES.txt'
running build
running build_py
copying autopilot/__init__.py -> /home/rico/metr4202_2024_team20/search_algorithm/build/autopilot/build/lib/autopilot
copying autopilot/autopilot.py -> /home/rico/metr4202_2024_team20/search_algorithm/build/autopilot/build/lib/autopilot
running install
running install_lib
creating /home/rico/metr4202_2024_team20/search_algorithm/install/autopilot/lib/python3.10/site-packages/autopilot_pkg
copying /home/rico/metr4202_2024_team20/search_algorithm/build/autopilot/build/lib/autopilot_pkg/__init__.py -> /home/rico/metr4202_2024_team20/search_algorithm/install/autopilot/lib/python3.10/site-packages/autopilot_pkg
byte-compiling /home/rico/metr4202_2024_team20/search_algorithm/install/autopilot/lib/python3.10/site-packages/autopilot_pkg/__init__.py to __init__.cpython-310.pyc
running install_data
copying resource/autopilot -> /home/rico/metr4202_2024_team20/search_algorithm/install/autopilot/share/ament_index/resource_index/packages
running install_egg_info
Copying ../../build/autopilot/autopilot.egg-info to /home/rico/metr4202_2024_team20/search_algorithm/install/autopilot/lib/python3.10/site-packages/autopilot-0.0.0-py3.10.egg-info
running install_scripts
Installing autopilot_commander script to /home/rico/metr4202_2024_team20/search_algorithm/install/autopilot/lib/autopilot
writing list of installed files to '/home/rico/metr4202_2024_team20/search_algorithm/build/autopilot/install.log'
