[1.389s] Invoking command in '/home/rico/metr4202_2024_team20/search_algorithm/src/autopilot': PYTHONPATH=/home/rico/metr4202_2024_team20/search_algorithm/build/autopilot/prefix_override:/usr/lib/python3/dist-packages/colcon_core/task/python/colcon_distutils_commands:/home/rico/metr4202_2024_team20/search_algorithm/install/autopilot/lib/python3.10/site-packages:${PYTHONPATH} /usr/bin/python3 -W ignore:setup.py install is deprecated setup.py egg_info --egg-base ../../build/autopilot build --build-base /home/rico/metr4202_2024_team20/search_algorithm/build/autopilot/build install --record /home/rico/metr4202_2024_team20/search_algorithm/build/autopilot/install.log --single-version-externally-managed install_data
[1.840s] running egg_info
[1.870s] writing ../../build/autopilot/autopilot.egg-info/PKG-INFO
[1.871s] writing dependency_links to ../../build/autopilot/autopilot.egg-info/dependency_links.txt
[1.872s] writing entry points to ../../build/autopilot/autopilot.egg-info/entry_points.txt
[1.872s] writing requirements to ../../build/autopilot/autopilot.egg-info/requires.txt
[1.872s] writing top-level names to ../../build/autopilot/autopilot.egg-info/top_level.txt
[1.932s] reading manifest file '../../build/autopilot/autopilot.egg-info/SOURCES.txt'
[1.934s] writing manifest file '../../build/autopilot/autopilot.egg-info/SOURCES.txt'
[1.934s] running build
[1.935s] running build_py
[1.935s] copying autopilot/__init__.py -> /home/rico/metr4202_2024_team20/search_algorithm/build/autopilot/build/lib/autopilot
[1.935s] copying autopilot/autopilot.py -> /home/rico/metr4202_2024_team20/search_algorithm/build/autopilot/build/lib/autopilot
[1.935s] running install
[1.944s] running install_lib
[1.974s] creating /home/rico/metr4202_2024_team20/search_algorithm/install/autopilot/lib/python3.10/site-packages/autopilot_pkg
[1.975s] copying /home/rico/metr4202_2024_team20/search_algorithm/build/autopilot/build/lib/autopilot_pkg/__init__.py -> /home/rico/metr4202_2024_team20/search_algorithm/install/autopilot/lib/python3.10/site-packages/autopilot_pkg
[1.976s] byte-compiling /home/rico/metr4202_2024_team20/search_algorithm/install/autopilot/lib/python3.10/site-packages/autopilot_pkg/__init__.py to __init__.cpython-310.pyc
[1.977s] running install_data
[1.977s] copying resource/autopilot -> /home/rico/metr4202_2024_team20/search_algorithm/install/autopilot/share/ament_index/resource_index/packages
[1.977s] running install_egg_info
[2.009s] Copying ../../build/autopilot/autopilot.egg-info to /home/rico/metr4202_2024_team20/search_algorithm/install/autopilot/lib/python3.10/site-packages/autopilot-0.0.0-py3.10.egg-info
[2.011s] running install_scripts
[2.251s] Installing autopilot_commander script to /home/rico/metr4202_2024_team20/search_algorithm/install/autopilot/lib/autopilot
[2.252s] writing list of installed files to '/home/rico/metr4202_2024_team20/search_algorithm/build/autopilot/install.log'
[2.292s] Invoked command in '/home/rico/metr4202_2024_team20/search_algorithm/src/autopilot' returned '0': PYTHONPATH=/home/rico/metr4202_2024_team20/search_algorithm/build/autopilot/prefix_override:/usr/lib/python3/dist-packages/colcon_core/task/python/colcon_distutils_commands:/home/rico/metr4202_2024_team20/search_algorithm/install/autopilot/lib/python3.10/site-packages:${PYTHONPATH} /usr/bin/python3 -W ignore:setup.py install is deprecated setup.py egg_info --egg-base ../../build/autopilot build --build-base /home/rico/metr4202_2024_team20/search_algorithm/build/autopilot/build install --record /home/rico/metr4202_2024_team20/search_algorithm/build/autopilot/install.log --single-version-externally-managed install_data
