[0.269s] DEBUG:colcon:Command line arguments: ['/usr/bin/colcon', 'build']
[0.269s] DEBUG:colcon:Parsed command line arguments: Namespace(log_base=None, log_level=None, verb_name='build', build_base='build', install_base='install', merge_install=False, symlink_install=False, test_result_base=None, continue_on_error=False, executor='parallel', parallel_workers=12, event_handlers=None, ignore_user_meta=False, metas=['./colcon.meta'], base_paths=['.'], packages_ignore=None, packages_ignore_regex=None, paths=None, packages_up_to=None, packages_up_to_regex=None, packages_above=None, packages_above_and_dependencies=None, packages_above_depth=None, packages_select_by_dep=None, packages_skip_by_dep=None, packages_skip_up_to=None, packages_select_build_failed=False, packages_skip_build_finished=False, packages_select_test_failures=False, packages_skip_test_passed=False, packages_select=None, packages_skip=None, packages_select_regex=None, packages_skip_regex=None, packages_start=None, packages_end=None, allow_overriding=[], cmake_args=None, cmake_target=None, cmake_target_skip_unavailable=False, cmake_clean_cache=False, cmake_clean_first=False, cmake_force_configure=False, ament_cmake_args=None, catkin_cmake_args=None, catkin_skip_building_tests=False, mixin_files=None, mixin=None, verb_parser=<colcon_mixin.mixin.mixin_argument.MixinArgumentDecorator object at 0x7fb05aebbb50>, verb_extension=<colcon_core.verb.build.BuildVerb object at 0x7fb05aebace0>, main=<bound method BuildVerb.main of <colcon_core.verb.build.BuildVerb object at 0x7fb05aebace0>>, mixin_verb=('build',))
[0.338s] Level 1:colcon.colcon_core.package_discovery:discover_packages(colcon_meta) check parameters
[0.338s] Level 1:colcon.colcon_core.package_discovery:discover_packages(recursive) check parameters
[0.338s] Level 1:colcon.colcon_core.package_discovery:discover_packages(ignore) check parameters
[0.338s] Level 1:colcon.colcon_core.package_discovery:discover_packages(path) check parameters
[0.338s] Level 1:colcon.colcon_core.package_discovery:discover_packages(colcon_meta) discover
[0.338s] Level 1:colcon.colcon_core.package_discovery:discover_packages(recursive) discover
[0.338s] INFO:colcon.colcon_core.package_discovery:Crawling recursively for packages in '/home/rico/metr4202_2024_team20/search_algorithm'
[0.338s] Level 1:colcon.colcon_core.package_identification:_identify(.) by extensions ['ignore', 'ignore_ament_install']
[0.339s] Level 1:colcon.colcon_core.package_identification:_identify(.) by extension 'ignore'
[0.339s] Level 1:colcon.colcon_core.package_identification:_identify(.) by extension 'ignore_ament_install'
[0.339s] Level 1:colcon.colcon_core.package_identification:_identify(.) by extensions ['colcon_pkg']
[0.339s] Level 1:colcon.colcon_core.package_identification:_identify(.) by extension 'colcon_pkg'
[0.339s] Level 1:colcon.colcon_core.package_identification:_identify(.) by extensions ['colcon_meta']
[0.339s] Level 1:colcon.colcon_core.package_identification:_identify(.) by extension 'colcon_meta'
[0.339s] Level 1:colcon.colcon_core.package_identification:_identify(.) by extensions ['ros']
[0.339s] Level 1:colcon.colcon_core.package_identification:_identify(.) by extension 'ros'
[0.365s] Level 1:colcon.colcon_core.package_identification:_identify(.) by extensions ['cmake', 'python']
[0.365s] Level 1:colcon.colcon_core.package_identification:_identify(.) by extension 'cmake'
[0.365s] Level 1:colcon.colcon_core.package_identification:_identify(.) by extension 'python'
[0.366s] Level 1:colcon.colcon_core.package_identification:_identify(.) by extensions ['python_setup_py']
[0.366s] Level 1:colcon.colcon_core.package_identification:_identify(.) by extension 'python_setup_py'
[0.366s] Level 1:colcon.colcon_core.package_identification:_identify(build) by extensions ['ignore', 'ignore_ament_install']
[0.366s] Level 1:colcon.colcon_core.package_identification:_identify(build) by extension 'ignore'
[0.366s] Level 1:colcon.colcon_core.package_identification:_identify(build) ignored
[0.366s] Level 1:colcon.colcon_core.package_identification:_identify(install) by extensions ['ignore', 'ignore_ament_install']
[0.367s] Level 1:colcon.colcon_core.package_identification:_identify(install) by extension 'ignore'
[0.367s] Level 1:colcon.colcon_core.package_identification:_identify(install) ignored
[0.367s] Level 1:colcon.colcon_core.package_identification:_identify(log) by extensions ['ignore', 'ignore_ament_install']
[0.367s] Level 1:colcon.colcon_core.package_identification:_identify(log) by extension 'ignore'
[0.367s] Level 1:colcon.colcon_core.package_identification:_identify(log) ignored
[0.367s] Level 1:colcon.colcon_core.package_identification:_identify(src) by extensions ['ignore', 'ignore_ament_install']
[0.367s] Level 1:colcon.colcon_core.package_identification:_identify(src) by extension 'ignore'
[0.368s] Level 1:colcon.colcon_core.package_identification:_identify(src) by extension 'ignore_ament_install'
[0.368s] Level 1:colcon.colcon_core.package_identification:_identify(src) by extensions ['colcon_pkg']
[0.368s] Level 1:colcon.colcon_core.package_identification:_identify(src) by extension 'colcon_pkg'
[0.368s] Level 1:colcon.colcon_core.package_identification:_identify(src) by extensions ['colcon_meta']
[0.368s] Level 1:colcon.colcon_core.package_identification:_identify(src) by extension 'colcon_meta'
[0.368s] Level 1:colcon.colcon_core.package_identification:_identify(src) by extensions ['ros']
[0.368s] Level 1:colcon.colcon_core.package_identification:_identify(src) by extension 'ros'
[0.368s] Level 1:colcon.colcon_core.package_identification:_identify(src) by extensions ['cmake', 'python']
[0.368s] Level 1:colcon.colcon_core.package_identification:_identify(src) by extension 'cmake'
[0.368s] Level 1:colcon.colcon_core.package_identification:_identify(src) by extension 'python'
[0.368s] Level 1:colcon.colcon_core.package_identification:_identify(src) by extensions ['python_setup_py']
[0.368s] Level 1:colcon.colcon_core.package_identification:_identify(src) by extension 'python_setup_py'
[0.369s] Level 1:colcon.colcon_core.package_identification:_identify(src/autopilot) by extensions ['ignore', 'ignore_ament_install']
[0.369s] Level 1:colcon.colcon_core.package_identification:_identify(src/autopilot) by extension 'ignore'
[0.369s] Level 1:colcon.colcon_core.package_identification:_identify(src/autopilot) by extension 'ignore_ament_install'
[0.369s] Level 1:colcon.colcon_core.package_identification:_identify(src/autopilot) by extensions ['colcon_pkg']
[0.369s] Level 1:colcon.colcon_core.package_identification:_identify(src/autopilot) by extension 'colcon_pkg'
[0.369s] Level 1:colcon.colcon_core.package_identification:_identify(src/autopilot) by extensions ['colcon_meta']
[0.369s] Level 1:colcon.colcon_core.package_identification:_identify(src/autopilot) by extension 'colcon_meta'
[0.369s] Level 1:colcon.colcon_core.package_identification:_identify(src/autopilot) by extensions ['ros']
[0.369s] Level 1:colcon.colcon_core.package_identification:_identify(src/autopilot) by extension 'ros'
[0.373s] DEBUG:colcon.colcon_core.package_identification:Package 'src/autopilot' with type 'ros.ament_python' and name 'autopilot'
[0.373s] Level 1:colcon.colcon_core.package_discovery:discover_packages(recursive) using defaults
[0.373s] Level 1:colcon.colcon_core.package_discovery:discover_packages(ignore) discover
[0.373s] Level 1:colcon.colcon_core.package_discovery:discover_packages(ignore) using defaults
[0.373s] Level 1:colcon.colcon_core.package_discovery:discover_packages(path) discover
[0.374s] Level 1:colcon.colcon_core.package_discovery:discover_packages(path) using defaults
[0.409s] Level 1:colcon.colcon_core.package_discovery:discover_packages(prefix_path) check parameters
[0.409s] Level 1:colcon.colcon_core.package_discovery:discover_packages(prefix_path) discover
[0.411s] WARNING:colcon.colcon_ros.prefix_path.ament:The path '/home/rico/metr4202_2024_team20/search_algorithm/install/autopilot_pkg' in the environment variable AMENT_PREFIX_PATH doesn't exist
[0.414s] DEBUG:colcon.colcon_installed_package_information.package_discovery:Found 1 installed packages in /home/rico/metr4202_2024_team20/search_algorithm/install
[0.415s] DEBUG:colcon.colcon_installed_package_information.package_discovery:Found 18 installed packages in /home/rico/turtlebot3_ws/install
[0.416s] DEBUG:colcon.colcon_installed_package_information.package_discovery:Found 1 installed packages in /home/rico/metr4202_ws/install
[0.418s] DEBUG:colcon.colcon_installed_package_information.package_discovery:Found 363 installed packages in /opt/ros/humble
[0.421s] Level 1:colcon.colcon_core.package_discovery:discover_packages(prefix_path) using defaults
[0.501s] Level 5:colcon.colcon_core.verb:set package 'autopilot' build argument 'cmake_args' from command line to 'None'
[0.502s] Level 5:colcon.colcon_core.verb:set package 'autopilot' build argument 'cmake_target' from command line to 'None'
[0.502s] Level 5:colcon.colcon_core.verb:set package 'autopilot' build argument 'cmake_target_skip_unavailable' from command line to 'False'
[0.502s] Level 5:colcon.colcon_core.verb:set package 'autopilot' build argument 'cmake_clean_cache' from command line to 'False'
[0.502s] Level 5:colcon.colcon_core.verb:set package 'autopilot' build argument 'cmake_clean_first' from command line to 'False'
[0.502s] Level 5:colcon.colcon_core.verb:set package 'autopilot' build argument 'cmake_force_configure' from command line to 'False'
[0.502s] Level 5:colcon.colcon_core.verb:set package 'autopilot' build argument 'ament_cmake_args' from command line to 'None'
[0.502s] Level 5:colcon.colcon_core.verb:set package 'autopilot' build argument 'catkin_cmake_args' from command line to 'None'
[0.502s] Level 5:colcon.colcon_core.verb:set package 'autopilot' build argument 'catkin_skip_building_tests' from command line to 'False'
[0.502s] DEBUG:colcon.colcon_core.verb:Building package 'autopilot' with the following arguments: {'ament_cmake_args': None, 'build_base': '/home/rico/metr4202_2024_team20/search_algorithm/build/autopilot', 'catkin_cmake_args': None, 'catkin_skip_building_tests': False, 'cmake_args': None, 'cmake_clean_cache': False, 'cmake_clean_first': False, 'cmake_force_configure': False, 'cmake_target': None, 'cmake_target_skip_unavailable': False, 'install_base': '/home/rico/metr4202_2024_team20/search_algorithm/install/autopilot', 'merge_install': False, 'path': '/home/rico/metr4202_2024_team20/search_algorithm/src/autopilot', 'symlink_install': False, 'test_result_base': None}
[0.502s] INFO:colcon.colcon_core.executor:Executing jobs using 'parallel' executor
[0.504s] DEBUG:colcon.colcon_parallel_executor.executor.parallel:run_until_complete
[0.504s] INFO:colcon.colcon_ros.task.ament_python.build:Building ROS package in '/home/rico/metr4202_2024_team20/search_algorithm/src/autopilot' with build type 'ament_python'
[0.505s] Level 1:colcon.colcon_core.shell:create_environment_hook('autopilot', 'ament_prefix_path')
[0.509s] INFO:colcon.colcon_core.plugin_system:Skipping extension 'colcon_core.shell.bat': Not used on non-Windows systems
[0.509s] INFO:colcon.colcon_core.shell:Creating environment hook '/home/rico/metr4202_2024_team20/search_algorithm/install/autopilot/share/autopilot/hook/ament_prefix_path.ps1'
[0.511s] INFO:colcon.colcon_core.shell:Creating environment descriptor '/home/rico/metr4202_2024_team20/search_algorithm/install/autopilot/share/autopilot/hook/ament_prefix_path.dsv'
[0.511s] INFO:colcon.colcon_core.shell:Creating environment hook '/home/rico/metr4202_2024_team20/search_algorithm/install/autopilot/share/autopilot/hook/ament_prefix_path.sh'
[0.512s] INFO:colcon.colcon_core.shell:Skip shell extension 'powershell' for command environment: Not usable outside of PowerShell
[0.513s] DEBUG:colcon.colcon_core.shell:Skip shell extension 'dsv' for command environment
[0.903s] INFO:colcon.colcon_core.task.python.build:Building Python package in '/home/rico/metr4202_2024_team20/search_algorithm/src/autopilot'
[0.903s] INFO:colcon.colcon_core.shell:Skip shell extension 'powershell' for command environment: Not usable outside of PowerShell
[0.903s] DEBUG:colcon.colcon_core.shell:Skip shell extension 'dsv' for command environment
[1.895s] DEBUG:colcon.colcon_core.event_handler.log_command:Invoking command in '/home/rico/metr4202_2024_team20/search_algorithm/src/autopilot': PYTHONPATH=/home/rico/metr4202_2024_team20/search_algorithm/build/autopilot/prefix_override:/usr/lib/python3/dist-packages/colcon_core/task/python/colcon_distutils_commands:/home/rico/metr4202_2024_team20/search_algorithm/install/autopilot/lib/python3.10/site-packages:${PYTHONPATH} /usr/bin/python3 -W ignore:setup.py install is deprecated setup.py egg_info --egg-base ../../build/autopilot build --build-base /home/rico/metr4202_2024_team20/search_algorithm/build/autopilot/build install --record /home/rico/metr4202_2024_team20/search_algorithm/build/autopilot/install.log --single-version-externally-managed install_data
[2.798s] DEBUG:colcon.colcon_core.event_handler.log_command:Invoked command in '/home/rico/metr4202_2024_team20/search_algorithm/src/autopilot' returned '0': PYTHONPATH=/home/rico/metr4202_2024_team20/search_algorithm/build/autopilot/prefix_override:/usr/lib/python3/dist-packages/colcon_core/task/python/colcon_distutils_commands:/home/rico/metr4202_2024_team20/search_algorithm/install/autopilot/lib/python3.10/site-packages:${PYTHONPATH} /usr/bin/python3 -W ignore:setup.py install is deprecated setup.py egg_info --egg-base ../../build/autopilot build --build-base /home/rico/metr4202_2024_team20/search_algorithm/build/autopilot/build install --record /home/rico/metr4202_2024_team20/search_algorithm/build/autopilot/install.log --single-version-externally-managed install_data
[2.812s] Level 1:colcon.colcon_core.environment:checking '/home/rico/metr4202_2024_team20/search_algorithm/install/autopilot' for CMake module files
[2.812s] Level 1:colcon.colcon_core.environment:checking '/home/rico/metr4202_2024_team20/search_algorithm/install/autopilot' for CMake config files
[2.814s] Level 1:colcon.colcon_core.environment:checking '/home/rico/metr4202_2024_team20/search_algorithm/install/autopilot/lib'
[2.814s] Level 1:colcon.colcon_core.environment:checking '/home/rico/metr4202_2024_team20/search_algorithm/install/autopilot/bin'
[2.814s] Level 1:colcon.colcon_core.environment:checking '/home/rico/metr4202_2024_team20/search_algorithm/install/autopilot/lib/pkgconfig/autopilot.pc'
[2.815s] Level 1:colcon.colcon_core.environment:checking '/home/rico/metr4202_2024_team20/search_algorithm/install/autopilot/lib/python3.10/site-packages'
[2.815s] Level 1:colcon.colcon_core.shell:create_environment_hook('autopilot', 'pythonpath')
[2.815s] INFO:colcon.colcon_core.shell:Creating environment hook '/home/rico/metr4202_2024_team20/search_algorithm/install/autopilot/share/autopilot/hook/pythonpath.ps1'
[2.816s] INFO:colcon.colcon_core.shell:Creating environment descriptor '/home/rico/metr4202_2024_team20/search_algorithm/install/autopilot/share/autopilot/hook/pythonpath.dsv'
[2.817s] INFO:colcon.colcon_core.shell:Creating environment hook '/home/rico/metr4202_2024_team20/search_algorithm/install/autopilot/share/autopilot/hook/pythonpath.sh'
[2.818s] Level 1:colcon.colcon_core.environment:checking '/home/rico/metr4202_2024_team20/search_algorithm/install/autopilot/bin'
[2.818s] Level 1:colcon.colcon_core.environment:create_environment_scripts_only(autopilot)
[2.818s] INFO:colcon.colcon_core.shell:Creating package script '/home/rico/metr4202_2024_team20/search_algorithm/install/autopilot/share/autopilot/package.ps1'
[2.820s] INFO:colcon.colcon_core.shell:Creating package descriptor '/home/rico/metr4202_2024_team20/search_algorithm/install/autopilot/share/autopilot/package.dsv'
[2.822s] INFO:colcon.colcon_core.shell:Creating package script '/home/rico/metr4202_2024_team20/search_algorithm/install/autopilot/share/autopilot/package.sh'
[2.824s] INFO:colcon.colcon_core.shell:Creating package script '/home/rico/metr4202_2024_team20/search_algorithm/install/autopilot/share/autopilot/package.bash'
[2.826s] INFO:colcon.colcon_core.shell:Creating package script '/home/rico/metr4202_2024_team20/search_algorithm/install/autopilot/share/autopilot/package.zsh'
[2.828s] Level 1:colcon.colcon_core.environment:create_file_with_runtime_dependencies(/home/rico/metr4202_2024_team20/search_algorithm/install/autopilot/share/colcon-core/packages/autopilot)
[2.829s] DEBUG:colcon.colcon_parallel_executor.executor.parallel:closing loop
[2.830s] DEBUG:colcon.colcon_parallel_executor.executor.parallel:loop closed
[2.830s] DEBUG:colcon.colcon_parallel_executor.executor.parallel:run_until_complete finished with '0'
[2.830s] DEBUG:colcon.colcon_core.event_reactor:joining thread
[2.884s] INFO:colcon.colcon_core.plugin_system:Skipping extension 'colcon_notification.desktop_notification.notify_send': Could not find 'notify-send'
[2.884s] INFO:colcon.colcon_core.plugin_system:Skipping extension 'colcon_notification.desktop_notification.terminal_notifier': Not used on non-Darwin systems
[2.884s] INFO:colcon.colcon_core.plugin_system:Skipping extension 'colcon_notification.desktop_notification.win32': Not used on non-Windows systems
[2.884s] INFO:colcon.colcon_notification.desktop_notification:Sending desktop notification using 'notify2'
[2.887s] DEBUG:colcon.colcon_notification.desktop_notification.notify2:Failed to initialize notify2: org.freedesktop.DBus.Error.ServiceUnknown: The name org.freedesktop.Notifications was not provided by any .service files
[2.887s] DEBUG:colcon.colcon_core.event_reactor:joined thread
[2.887s] INFO:colcon.colcon_core.shell:Creating prefix script '/home/rico/metr4202_2024_team20/search_algorithm/install/local_setup.ps1'
[2.889s] INFO:colcon.colcon_core.shell:Creating prefix util module '/home/rico/metr4202_2024_team20/search_algorithm/install/_local_setup_util_ps1.py'
[2.891s] INFO:colcon.colcon_core.shell:Creating prefix chain script '/home/rico/metr4202_2024_team20/search_algorithm/install/setup.ps1'
[2.894s] INFO:colcon.colcon_core.shell:Creating prefix script '/home/rico/metr4202_2024_team20/search_algorithm/install/local_setup.sh'
[2.895s] INFO:colcon.colcon_core.shell:Creating prefix util module '/home/rico/metr4202_2024_team20/search_algorithm/install/_local_setup_util_sh.py'
[2.895s] INFO:colcon.colcon_core.shell:Creating prefix chain script '/home/rico/metr4202_2024_team20/search_algorithm/install/setup.sh'
[2.898s] INFO:colcon.colcon_core.shell:Creating prefix script '/home/rico/metr4202_2024_team20/search_algorithm/install/local_setup.bash'
[2.899s] INFO:colcon.colcon_core.shell:Creating prefix chain script '/home/rico/metr4202_2024_team20/search_algorithm/install/setup.bash'
[2.902s] INFO:colcon.colcon_core.shell:Creating prefix script '/home/rico/metr4202_2024_team20/search_algorithm/install/local_setup.zsh'
[2.903s] INFO:colcon.colcon_core.shell:Creating prefix chain script '/home/rico/metr4202_2024_team20/search_algorithm/install/setup.zsh'
