[0.375s] DEBUG:colcon:Command line arguments: ['/usr/bin/colcon', 'build']
[0.376s] DEBUG:colcon:Parsed command line arguments: Namespace(log_base=None, log_level=None, verb_name='build', build_base='build', install_base='install', merge_install=False, symlink_install=False, test_result_base=None, continue_on_error=False, executor='parallel', parallel_workers=8, event_handlers=None, ignore_user_meta=False, metas=['./colcon.meta'], base_paths=['.'], packages_ignore=None, packages_ignore_regex=None, paths=None, packages_up_to=None, packages_up_to_regex=None, packages_above=None, packages_above_and_dependencies=None, packages_above_depth=None, packages_select_by_dep=None, packages_skip_by_dep=None, packages_skip_up_to=None, packages_select_build_failed=False, packages_skip_build_finished=False, packages_select_test_failures=False, packages_skip_test_passed=False, packages_select=None, packages_skip=None, packages_select_regex=None, packages_skip_regex=None, packages_start=None, packages_end=None, allow_overriding=[], cmake_args=None, cmake_target=None, cmake_target_skip_unavailable=False, cmake_clean_cache=False, cmake_clean_first=False, cmake_force_configure=False, ament_cmake_args=None, catkin_cmake_args=None, catkin_skip_building_tests=False, mixin_files=None, mixin=None, verb_parser=<colcon_mixin.mixin.mixin_argument.MixinArgumentDecorator object at 0x7f0e37db5b70>, verb_extension=<colcon_core.verb.build.BuildVerb object at 0x7f0e37f3a290>, main=<bound method BuildVerb.main of <colcon_core.verb.build.BuildVerb object at 0x7f0e37f3a290>>, mixin_verb=('build',))
[0.514s] Level 1:colcon.colcon_core.package_discovery:discover_packages(colcon_meta) check parameters
[0.516s] Level 1:colcon.colcon_core.package_discovery:discover_packages(recursive) check parameters
[0.517s] Level 1:colcon.colcon_core.package_discovery:discover_packages(ignore) check parameters
[0.518s] Level 1:colcon.colcon_core.package_discovery:discover_packages(path) check parameters
[0.519s] Level 1:colcon.colcon_core.package_discovery:discover_packages(colcon_meta) discover
[0.520s] Level 1:colcon.colcon_core.package_discovery:discover_packages(recursive) discover
[0.521s] INFO:colcon.colcon_core.package_discovery:Crawling recursively for packages in '/mnt/c/Users/graci/Desktop/search_algorithm'
[0.529s] Level 1:colcon.colcon_core.package_identification:_identify(.) by extensions ['ignore', 'ignore_ament_install']
[0.530s] Level 1:colcon.colcon_core.package_identification:_identify(.) by extension 'ignore'
[0.532s] Level 1:colcon.colcon_core.package_identification:_identify(.) by extension 'ignore_ament_install'
[0.534s] Level 1:colcon.colcon_core.package_identification:_identify(.) by extensions ['colcon_pkg']
[0.535s] Level 1:colcon.colcon_core.package_identification:_identify(.) by extension 'colcon_pkg'
[0.536s] Level 1:colcon.colcon_core.package_identification:_identify(.) by extensions ['colcon_meta']
[0.537s] Level 1:colcon.colcon_core.package_identification:_identify(.) by extension 'colcon_meta'
[0.538s] Level 1:colcon.colcon_core.package_identification:_identify(.) by extensions ['ros']
[0.539s] Level 1:colcon.colcon_core.package_identification:_identify(.) by extension 'ros'
[0.552s] Level 1:colcon.colcon_core.package_identification:_identify(.) by extensions ['cmake', 'python']
[0.553s] Level 1:colcon.colcon_core.package_identification:_identify(.) by extension 'cmake'
[0.555s] Level 1:colcon.colcon_core.package_identification:_identify(.) by extension 'python'
[0.556s] Level 1:colcon.colcon_core.package_identification:_identify(.) by extensions ['python_setup_py']
[0.557s] Level 1:colcon.colcon_core.package_identification:_identify(.) by extension 'python_setup_py'
[0.566s] Level 1:colcon.colcon_core.package_identification:_identify(build) by extensions ['ignore', 'ignore_ament_install']
[0.568s] Level 1:colcon.colcon_core.package_identification:_identify(build) by extension 'ignore'
[0.576s] Level 1:colcon.colcon_core.package_identification:_identify(build) ignored
[0.589s] Level 1:colcon.colcon_core.package_identification:_identify(install) by extensions ['ignore', 'ignore_ament_install']
[0.591s] Level 1:colcon.colcon_core.package_identification:_identify(install) by extension 'ignore'
[0.599s] Level 1:colcon.colcon_core.package_identification:_identify(install) ignored
[0.619s] Level 1:colcon.colcon_core.package_identification:_identify(log) by extensions ['ignore', 'ignore_ament_install']
[0.620s] Level 1:colcon.colcon_core.package_identification:_identify(log) by extension 'ignore'
[0.624s] Level 1:colcon.colcon_core.package_identification:_identify(log) ignored
[0.637s] Level 1:colcon.colcon_core.package_identification:_identify(src) by extensions ['ignore', 'ignore_ament_install']
[0.637s] Level 1:colcon.colcon_core.package_identification:_identify(src) by extension 'ignore'
[0.641s] Level 1:colcon.colcon_core.package_identification:_identify(src) by extension 'ignore_ament_install'
[0.648s] Level 1:colcon.colcon_core.package_identification:_identify(src) by extensions ['colcon_pkg']
[0.649s] Level 1:colcon.colcon_core.package_identification:_identify(src) by extension 'colcon_pkg'
[0.653s] Level 1:colcon.colcon_core.package_identification:_identify(src) by extensions ['colcon_meta']
[0.654s] Level 1:colcon.colcon_core.package_identification:_identify(src) by extension 'colcon_meta'
[0.658s] Level 1:colcon.colcon_core.package_identification:_identify(src) by extensions ['ros']
[0.658s] Level 1:colcon.colcon_core.package_identification:_identify(src) by extension 'ros'
[0.674s] Level 1:colcon.colcon_core.package_identification:_identify(src) by extensions ['cmake', 'python']
[0.675s] Level 1:colcon.colcon_core.package_identification:_identify(src) by extension 'cmake'
[0.679s] Level 1:colcon.colcon_core.package_identification:_identify(src) by extension 'python'
[0.683s] Level 1:colcon.colcon_core.package_identification:_identify(src) by extensions ['python_setup_py']
[0.683s] Level 1:colcon.colcon_core.package_identification:_identify(src) by extension 'python_setup_py'
[0.707s] Level 1:colcon.colcon_core.package_identification:_identify(src/autopilot_pkg) by extensions ['ignore', 'ignore_ament_install']
[0.708s] Level 1:colcon.colcon_core.package_identification:_identify(src/autopilot_pkg) by extension 'ignore'
[0.715s] Level 1:colcon.colcon_core.package_identification:_identify(src/autopilot_pkg) by extension 'ignore_ament_install'
[0.728s] Level 1:colcon.colcon_core.package_identification:_identify(src/autopilot_pkg) by extensions ['colcon_pkg']
[0.729s] Level 1:colcon.colcon_core.package_identification:_identify(src/autopilot_pkg) by extension 'colcon_pkg'
[0.736s] Level 1:colcon.colcon_core.package_identification:_identify(src/autopilot_pkg) by extensions ['colcon_meta']
[0.737s] Level 1:colcon.colcon_core.package_identification:_identify(src/autopilot_pkg) by extension 'colcon_meta'
[0.746s] Level 1:colcon.colcon_core.package_identification:_identify(src/autopilot_pkg) by extensions ['ros']
[0.747s] Level 1:colcon.colcon_core.package_identification:_identify(src/autopilot_pkg) by extension 'ros'
[0.822s] DEBUG:colcon.colcon_core.package_identification:Package 'src/autopilot_pkg' with type 'ros.ament_python' and name 'autopilot_pkg'
[0.823s] Level 1:colcon.colcon_core.package_discovery:discover_packages(recursive) using defaults
[0.824s] Level 1:colcon.colcon_core.package_discovery:discover_packages(ignore) discover
[0.825s] Level 1:colcon.colcon_core.package_discovery:discover_packages(ignore) using defaults
[0.826s] Level 1:colcon.colcon_core.package_discovery:discover_packages(path) discover
[0.826s] Level 1:colcon.colcon_core.package_discovery:discover_packages(path) using defaults
[0.888s] Level 1:colcon.colcon_core.package_discovery:discover_packages(prefix_path) check parameters
[0.889s] Level 1:colcon.colcon_core.package_discovery:discover_packages(prefix_path) discover
[1.017s] DEBUG:colcon.colcon_installed_package_information.package_discovery:Found 0 installed packages in /mnt/c/Users/graci/Desktop/search_algorithm/install
[1.020s] DEBUG:colcon.colcon_installed_package_information.package_discovery:Found 316 installed packages in /opt/ros/humble
[1.022s] Level 1:colcon.colcon_core.package_discovery:discover_packages(prefix_path) using defaults
[1.070s] Level 5:colcon.colcon_core.verb:set package 'autopilot_pkg' build argument 'cmake_args' from command line to 'None'
[1.070s] Level 5:colcon.colcon_core.verb:set package 'autopilot_pkg' build argument 'cmake_target' from command line to 'None'
[1.071s] Level 5:colcon.colcon_core.verb:set package 'autopilot_pkg' build argument 'cmake_target_skip_unavailable' from command line to 'False'
[1.071s] Level 5:colcon.colcon_core.verb:set package 'autopilot_pkg' build argument 'cmake_clean_cache' from command line to 'False'
[1.072s] Level 5:colcon.colcon_core.verb:set package 'autopilot_pkg' build argument 'cmake_clean_first' from command line to 'False'
[1.073s] Level 5:colcon.colcon_core.verb:set package 'autopilot_pkg' build argument 'cmake_force_configure' from command line to 'False'
[1.074s] Level 5:colcon.colcon_core.verb:set package 'autopilot_pkg' build argument 'ament_cmake_args' from command line to 'None'
[1.075s] Level 5:colcon.colcon_core.verb:set package 'autopilot_pkg' build argument 'catkin_cmake_args' from command line to 'None'
[1.076s] Level 5:colcon.colcon_core.verb:set package 'autopilot_pkg' build argument 'catkin_skip_building_tests' from command line to 'False'
[1.076s] DEBUG:colcon.colcon_core.verb:Building package 'autopilot_pkg' with the following arguments: {'ament_cmake_args': None, 'build_base': '/mnt/c/Users/graci/Desktop/search_algorithm/build/autopilot_pkg', 'catkin_cmake_args': None, 'catkin_skip_building_tests': False, 'cmake_args': None, 'cmake_clean_cache': False, 'cmake_clean_first': False, 'cmake_force_configure': False, 'cmake_target': None, 'cmake_target_skip_unavailable': False, 'install_base': '/mnt/c/Users/graci/Desktop/search_algorithm/install/autopilot_pkg', 'merge_install': False, 'path': '/mnt/c/Users/graci/Desktop/search_algorithm/src/autopilot_pkg', 'symlink_install': False, 'test_result_base': None}
[1.078s] INFO:colcon.colcon_core.executor:Executing jobs using 'parallel' executor
[1.080s] DEBUG:colcon.colcon_parallel_executor.executor.parallel:run_until_complete
[1.081s] INFO:colcon.colcon_ros.task.ament_python.build:Building ROS package in '/mnt/c/Users/graci/Desktop/search_algorithm/src/autopilot_pkg' with build type 'ament_python'
[1.082s] Level 1:colcon.colcon_core.shell:create_environment_hook('autopilot_pkg', 'ament_prefix_path')
[1.083s] INFO:colcon.colcon_core.plugin_system:Skipping extension 'colcon_core.shell.bat': Not used on non-Windows systems
[1.084s] INFO:colcon.colcon_core.shell:Creating environment hook '/mnt/c/Users/graci/Desktop/search_algorithm/install/autopilot_pkg/share/autopilot_pkg/hook/ament_prefix_path.ps1'
[1.171s] INFO:colcon.colcon_core.shell:Creating environment descriptor '/mnt/c/Users/graci/Desktop/search_algorithm/install/autopilot_pkg/share/autopilot_pkg/hook/ament_prefix_path.dsv'
[1.224s] INFO:colcon.colcon_core.shell:Creating environment hook '/mnt/c/Users/graci/Desktop/search_algorithm/install/autopilot_pkg/share/autopilot_pkg/hook/ament_prefix_path.sh'
[1.284s] INFO:colcon.colcon_core.shell:Skip shell extension 'powershell' for command environment: Not usable outside of PowerShell
[1.285s] DEBUG:colcon.colcon_core.shell:Skip shell extension 'dsv' for command environment
[1.866s] INFO:colcon.colcon_core.task.python.build:Building Python package in '/mnt/c/Users/graci/Desktop/search_algorithm/src/autopilot_pkg'
[1.867s] INFO:colcon.colcon_core.shell:Skip shell extension 'powershell' for command environment: Not usable outside of PowerShell
[1.869s] DEBUG:colcon.colcon_core.shell:Skip shell extension 'dsv' for command environment
[5.611s] DEBUG:colcon.colcon_core.event_handler.log_command:Invoking command in '/mnt/c/Users/graci/Desktop/search_algorithm/src/autopilot_pkg': PYTHONPATH=/mnt/c/Users/graci/Desktop/search_algorithm/build/autopilot_pkg/prefix_override:/usr/lib/python3/dist-packages/colcon_core/task/python/colcon_distutils_commands:/mnt/c/Users/graci/Desktop/search_algorithm/install/autopilot_pkg/lib/python3.10/site-packages:${PYTHONPATH} /usr/bin/python3 -W ignore:setup.py install is deprecated setup.py egg_info --egg-base ../../build/autopilot_pkg build --build-base /mnt/c/Users/graci/Desktop/search_algorithm/build/autopilot_pkg/build install --record /mnt/c/Users/graci/Desktop/search_algorithm/build/autopilot_pkg/install.log --single-version-externally-managed install_data
[10.373s] DEBUG:colcon.colcon_core.event_handler.log_command:Invoked command in '/mnt/c/Users/graci/Desktop/search_algorithm/src/autopilot_pkg' returned '0': PYTHONPATH=/mnt/c/Users/graci/Desktop/search_algorithm/build/autopilot_pkg/prefix_override:/usr/lib/python3/dist-packages/colcon_core/task/python/colcon_distutils_commands:/mnt/c/Users/graci/Desktop/search_algorithm/install/autopilot_pkg/lib/python3.10/site-packages:${PYTHONPATH} /usr/bin/python3 -W ignore:setup.py install is deprecated setup.py egg_info --egg-base ../../build/autopilot_pkg build --build-base /mnt/c/Users/graci/Desktop/search_algorithm/build/autopilot_pkg/build install --record /mnt/c/Users/graci/Desktop/search_algorithm/build/autopilot_pkg/install.log --single-version-externally-managed install_data
[10.389s] Level 1:colcon.colcon_core.environment:checking '/mnt/c/Users/graci/Desktop/search_algorithm/install/autopilot_pkg' for CMake module files
[10.544s] Level 1:colcon.colcon_core.environment:checking '/mnt/c/Users/graci/Desktop/search_algorithm/install/autopilot_pkg' for CMake config files
[10.884s] Level 1:colcon.colcon_core.environment:checking '/mnt/c/Users/graci/Desktop/search_algorithm/install/autopilot_pkg/lib'
[10.904s] Level 1:colcon.colcon_core.environment:checking '/mnt/c/Users/graci/Desktop/search_algorithm/install/autopilot_pkg/bin'
[10.909s] Level 1:colcon.colcon_core.environment:checking '/mnt/c/Users/graci/Desktop/search_algorithm/install/autopilot_pkg/lib/pkgconfig/autopilot_pkg.pc'
[10.920s] Level 1:colcon.colcon_core.environment:checking '/mnt/c/Users/graci/Desktop/search_algorithm/install/autopilot_pkg/lib/python3.10/site-packages'
[10.932s] Level 1:colcon.colcon_core.shell:create_environment_hook('autopilot_pkg', 'pythonpath')
[10.933s] INFO:colcon.colcon_core.shell:Creating environment hook '/mnt/c/Users/graci/Desktop/search_algorithm/install/autopilot_pkg/share/autopilot_pkg/hook/pythonpath.ps1'
[10.994s] INFO:colcon.colcon_core.shell:Creating environment descriptor '/mnt/c/Users/graci/Desktop/search_algorithm/install/autopilot_pkg/share/autopilot_pkg/hook/pythonpath.dsv'
[11.050s] INFO:colcon.colcon_core.shell:Creating environment hook '/mnt/c/Users/graci/Desktop/search_algorithm/install/autopilot_pkg/share/autopilot_pkg/hook/pythonpath.sh'
[11.108s] Level 1:colcon.colcon_core.environment:checking '/mnt/c/Users/graci/Desktop/search_algorithm/install/autopilot_pkg/bin'
[11.113s] Level 1:colcon.colcon_core.environment:create_environment_scripts_only(autopilot_pkg)
[11.114s] INFO:colcon.colcon_core.shell:Creating package script '/mnt/c/Users/graci/Desktop/search_algorithm/install/autopilot_pkg/share/autopilot_pkg/package.ps1'
[11.145s] INFO:colcon.colcon_core.shell:Creating package descriptor '/mnt/c/Users/graci/Desktop/search_algorithm/install/autopilot_pkg/share/autopilot_pkg/package.dsv'
[11.165s] INFO:colcon.colcon_core.shell:Creating package script '/mnt/c/Users/graci/Desktop/search_algorithm/install/autopilot_pkg/share/autopilot_pkg/package.sh'
[11.183s] INFO:colcon.colcon_core.shell:Creating package script '/mnt/c/Users/graci/Desktop/search_algorithm/install/autopilot_pkg/share/autopilot_pkg/package.bash'
[11.205s] INFO:colcon.colcon_core.shell:Creating package script '/mnt/c/Users/graci/Desktop/search_algorithm/install/autopilot_pkg/share/autopilot_pkg/package.zsh'
[11.230s] Level 1:colcon.colcon_core.environment:create_file_with_runtime_dependencies(/mnt/c/Users/graci/Desktop/search_algorithm/install/autopilot_pkg/share/colcon-core/packages/autopilot_pkg)
[11.259s] DEBUG:colcon.colcon_parallel_executor.executor.parallel:closing loop
[11.260s] DEBUG:colcon.colcon_parallel_executor.executor.parallel:loop closed
[11.260s] DEBUG:colcon.colcon_parallel_executor.executor.parallel:run_until_complete finished with '0'
[11.261s] DEBUG:colcon.colcon_core.event_reactor:joining thread
[11.332s] INFO:colcon.colcon_core.plugin_system:Skipping extension 'colcon_notification.desktop_notification.notify_send': Could not find 'notify-send'
[11.332s] INFO:colcon.colcon_core.plugin_system:Skipping extension 'colcon_notification.desktop_notification.terminal_notifier': Not used on non-Darwin systems
[11.333s] INFO:colcon.colcon_core.plugin_system:Skipping extension 'colcon_notification.desktop_notification.win32': Not used on non-Windows systems
[11.333s] INFO:colcon.colcon_notification.desktop_notification:Sending desktop notification using 'notify2'
[11.334s] DEBUG:colcon.colcon_notification.desktop_notification.notify2:Failed to initialize notify2: org.freedesktop.DBus.Error.FileNotFound: Failed to connect to socket /run/user/1000/bus: No such file or directory
[11.334s] DEBUG:colcon.colcon_core.event_reactor:joined thread
[11.335s] INFO:colcon.colcon_core.shell:Creating prefix script '/mnt/c/Users/graci/Desktop/search_algorithm/install/local_setup.ps1'
[11.346s] INFO:colcon.colcon_core.shell:Creating prefix util module '/mnt/c/Users/graci/Desktop/search_algorithm/install/_local_setup_util_ps1.py'
[11.362s] INFO:colcon.colcon_core.shell:Creating prefix chain script '/mnt/c/Users/graci/Desktop/search_algorithm/install/setup.ps1'
[11.385s] INFO:colcon.colcon_core.shell:Creating prefix script '/mnt/c/Users/graci/Desktop/search_algorithm/install/local_setup.sh'
[11.404s] INFO:colcon.colcon_core.shell:Creating prefix util module '/mnt/c/Users/graci/Desktop/search_algorithm/install/_local_setup_util_sh.py'
[11.426s] INFO:colcon.colcon_core.shell:Creating prefix chain script '/mnt/c/Users/graci/Desktop/search_algorithm/install/setup.sh'
[11.448s] INFO:colcon.colcon_core.shell:Creating prefix script '/mnt/c/Users/graci/Desktop/search_algorithm/install/local_setup.bash'
[11.464s] INFO:colcon.colcon_core.shell:Creating prefix chain script '/mnt/c/Users/graci/Desktop/search_algorithm/install/setup.bash'
[11.485s] INFO:colcon.colcon_core.shell:Creating prefix script '/mnt/c/Users/graci/Desktop/search_algorithm/install/local_setup.zsh'
[11.502s] INFO:colcon.colcon_core.shell:Creating prefix chain script '/mnt/c/Users/graci/Desktop/search_algorithm/install/setup.zsh'
